<?xml version="1.0" encoding="UTF-8"?>
<!-- Generated by org.testng.reporters.JUnitReportReporter -->
<testsuite hostname="LAPTOP-U0A39RTI" failures="0" tests="3" name="com.weatherapiui.compareApiUiData" time="15.326" errors="0" timestamp="2020-12-10T20:22:14 IST" skipped="0">
  <testcase classname="com.weatherapiui.compareApiUiData" name="test1SearchCities" time="15.035"/>
  <system-out/>
  <testcase classname="com.weatherapiui.compareApiUiData" name="test2PinCity" time="0.258"/>
  <system-out/>
  <testcase classname="com.weatherapiui.compareApiUiData" name="getTemperature" time="0.033"/>
  <system-out/>
</testsuite> <!-- com.weatherapiui.compareApiUiData -->
