<?xml version="1.0" encoding="UTF-8"?>
<!-- Generated by org.testng.reporters.JUnitReportReporter -->
<testsuite hostname="LAPTOP-U0A39RTI" failures="0" tests="5" name="com.weatherapiui.compareApiUiData" time="7.073" errors="0" timestamp="2020-12-11T19:31:19 IST" skipped="0">
  <testcase classname="com.weatherapiui.compareApiUiData" name="getUiTemperature" time="0.057"/>
  <system-out/>
  <testcase classname="com.weatherapiui.compareApiUiData" name="test2PinCity" time="0.398"/>
  <system-out/>
  <testcase classname="com.weatherapiui.compareApiUiData" name="getApiTemperature" time="4.092"/>
  <system-out/>
  <testcase classname="com.weatherapiui.compareApiUiData" name="test1SearchCities" time="2.524"/>
  <system-out/>
  <testcase classname="com.weatherapiui.compareApiUiData" name="compareApiUiTemperature" time="0.002"/>
  <system-out/>
</testsuite> <!-- com.weatherapiui.compareApiUiData -->
