<?xml version="1.0" encoding="UTF-8"?>
<!-- Generated by org.testng.reporters.JUnitReportReporter -->
<testsuite hostname="LAPTOP-U0A39RTI" failures="0" tests="5" name="com.weatherapiui.compareApiUiData" time="10.303" errors="0" timestamp="2020-12-11T08:04:29 IST" skipped="0">
  <testcase classname="com.weatherapiui.compareApiUiData" name="test2PinCity" time="0.326"/>
  <system-out/>
  <testcase classname="com.weatherapiui.compareApiUiData" name="getApiTemperature" time="4.578"/>
  <system-out/>
  <testcase classname="com.weatherapiui.compareApiUiData" name="test1SearchCities" time="5.324"/>
  <system-out/>
  <testcase classname="com.weatherapiui.compareApiUiData" name="getUiTemperature" time="0.073"/>
  <system-out/>
  <testcase classname="com.weatherapiui.compareApiUiData" name="compareApiUiTemperature" time="0.002"/>
  <system-out/>
</testsuite> <!-- com.weatherapiui.compareApiUiData -->
